============================================================
ðŸ”§ PAROL6 Headless Commander - Linuxä¿®è¡¥å™¨
============================================================
âœ… å·²åˆ›å»ºä¿®è¡¥æ–‡ä»¶: headless_commander_patched.py

ðŸš€ æ­£åœ¨è¿è¡Œä¿®è¡¥åŽçš„ç¨‹åº...
------------------------------------------------------------
ðŸ”§ Initializing serial port for Linux/Mac...
âœ… Connected to saved port: /dev/ttyACM0
ðŸ“¡ Using serial port: /dev/ttyACM0
âš¡ Baudrate: 3000000
ðŸ¤– PAROL6 Headless Commander Ready

Start listening to 127.0.0.1:5001
Initializing Home command...
  -> Sending home signal (100)... Countdown: 10
  -> Sending home signal (100)... Countdown: 9
  -> Sending home signal (100)... Countdown: 8
  -> Sending home signal (100)... Countdown: 7
  -> Sending home signal (100)... Countdown: 6
  -> Sending home signal (100)... Countdown: 5
  -> Sending home signal (100)... Countdown: 4
  -> Sending home signal (100)... Countdown: 3
  -> Sending home signal (100)... Countdown: 2
  -> Sending home signal (100)... Countdown: 1
  -> Homing sequence initiated by robot.
